#
# A fatal error has been detected by the Java Runtime Environment:
#
#  EXCEPTION_ACCESS_VIOLATION (0xc0000005) at pc=0x0000000057105018, pid=1892, tid=0x0000000000001588
#
# JRE version: OpenJDK Runtime Environment (8.0_152-b02) (build 1.8.0_152-release-1024-b02)
# Java VM: OpenJDK 64-Bit Server VM (25.152-b02 mixed mode windows-amd64 compressed oops)
# Problematic frame:
# V  [jvm.dll+0x115018]
#
# Failed to write core dump. Minidumps are not enabled by default on client versions of Windows
#
# If you would like to submit a bug report, please visit:
#   http://bugreport.java.com/bugreport/crash.jsp
#

---------------  T H R E A D  ---------------

Current thread (0x0000000004fe9000):  GCTaskThread [stack: 0x0000000014ba0000,0x0000000014ca0000] [id=5512]

siginfo: ExceptionCode=0xc0000005, reading address 0xffffffffffffffff

Registers:
RAX=0x0000000014ca0000, RBX=0x00000000000030fe, RCX=0x0000000000000000, RDX=0x0000000000000000
RSP=0x0000000014c9f2d0, RBP=0x000000001886ba90, RSI=0x00000000a4b63138, RDI=0x0000000000040000
R8 =0x007fffffffb00200, R9 =0x000000001886ba90, R10=0x00000000000031b5, R11=0x00000000a4b60f98
R12=0x00000000a4b633b0, R13=0x0000000000000200, R14=0x00000000a4b62ba0, R15=0x0000000000000200
RIP=0x0000000057105018, EFLAGS=0x0000000000010246

Top of Stack: (sp=0x0000000014c9f2d0)
0x0000000014c9f2d0:   0000000018dfade8 00000000570df3d6
0x0000000014c9f2e0:   00000000a4b62ba0 00000000a4b62198
0x0000000014c9f2f0:   000000001886ba90 0000000057105133
0x0000000014c9f300:   0000000000000000 0000000004fe9360
0x0000000014c9f310:   0000000004fe2860 0000000014c9f449
0x0000000014c9f320:   00000000000030fe 00000000573b4030
0x0000000014c9f330:   000000001886ba90 000000001886ba90
0x0000000014c9f340:   0000000057605a08 0000000057605a08
0x0000000014c9f350:   0000000018de85e8 0000000014c9f449
0x0000000014c9f360:   0000000000000000 0000000000000004
0x0000000014c9f370:   000000001886ba90 00000000570dd9b2
0x0000000014c9f380:   00000000a0600d48 0000000000000000
0x0000000014c9f390:   0000000000000000 0000000004fe2860
0x0000000014c9f3a0:   0000000004fe9370 0000000004fe9360
0x0000000014c9f3b0:   0000000057605a08 000000001886ba90
0x0000000014c9f3c0:   0000000000000000 0000000014c9f449 

Instructions: (pc=0x0000000057105018)
0x0000000057104ff8:   05 73 f9 6a 00 49 c1 e8 03 49 d3 e8 41 0f b6 c0
0x0000000057105008:   49 c1 e8 06 24 3f 0f b6 d0 48 8b 05 88 f9 6a 00
0x0000000057105018:   4a 8b 0c c0 48 0f a3 d1 72 3e 48 8b cf e8 86 0e
0x0000000057105028:   fd ff 84 c0 74 32 48 8b d7 48 8b cd e8 e7 dc fc 


Register to memory mapping:

RAX=0x0000000014ca0000 is an unknown value
RBX=0x00000000000030fe is an unknown value
RCX=0x0000000000000000 is an unknown value
RDX=0x0000000000000000 is an unknown value
RSP=0x0000000014c9f2d0 is an unknown value
RBP=0x000000001886ba90 is an unknown value
RSI=0x00000000a4b63138 is pointing into object: 0x00000000a4b62ba0
[Lorg.codehaus.groovy.runtime.metaclass.MetaMethodIndex$Entry; 
 - klass: 'org/codehaus/groovy/runtime/metaclass/MetaMethodIndex$Entry'[]
 - length: 512
RDI=0x0000000000040000 is an unknown value
R8 =0x007fffffffb00200 is an unknown value
R9 =0x000000001886ba90 is an unknown value
R10=0x00000000000031b5 is an unknown value
R11=0x00000000a4b60f98 is an oop
org.codehaus.groovy.runtime.metaclass.MetaMethodIndex$Entry 
 - klass: 'org/codehaus/groovy/runtime/metaclass/MetaMethodIndex$Entry'
R12=0x00000000a4b633b0 is an oop
[Lgroovy.lang.MetaMethod; 
 - klass: 'groovy/lang/MetaMethod'[]
 - length: 0
R13=0x0000000000000200 is an unknown value
R14=0x00000000a4b62ba0 is an oop
[Lorg.codehaus.groovy.runtime.metaclass.MetaMethodIndex$Entry; 
 - klass: 'org/codehaus/groovy/runtime/metaclass/MetaMethodIndex$Entry'[]
 - length: 512
R15=0x0000000000000200 is an unknown value


Stack: [0x0000000014ba0000,0x0000000014ca0000],  sp=0x0000000014c9f2d0,  free space=1020k
Native frames: (J=compiled Java code, j=interpreted, Vv=VM code, C=native code)
V  [jvm.dll+0x115018]
V  [jvm.dll+0x3c4030]
V  [jvm.dll+0x3c0ff0]
V  [jvm.dll+0x3beb9e]
V  [jvm.dll+0x26d7ea]
C  [msvcr100.dll+0x21d9f]
C  [msvcr100.dll+0x21e3b]
C  [KERNEL32.DLL+0x11fe4]
C  [ntdll.dll+0x6f061]


---------------  P R O C E S S  ---------------

Java Threads: ( => current thread )
  0x000000001e945000 JavaThread "pool-4-thread-1" [_thread_blocked, id=7400, stack(0x0000000027b60000,0x0000000027c60000)]
  0x000000001e943800 JavaThread "build operations Thread 2" [_thread_blocked, id=4076, stack(0x0000000027a60000,0x0000000027b60000)]
  0x000000001e93a000 JavaThread "build operations" [_thread_blocked, id=6340, stack(0x0000000027960000,0x0000000027a60000)]
  0x000000001e940000 JavaThread "Cache worker for Artifact transforms cache (C:\Users\Dev\.gradle\caches\transforms-1)" [_thread_blocked, id=908, stack(0x0000000027860000,0x0000000027960000)]
  0x000000001e93f800 JavaThread "Cache worker for file hash cache (C:\FormmicroApp\.gradle\4.4\fileHashes)" [_thread_blocked, id=10048, stack(0x0000000027760000,0x0000000027860000)]
  0x000000001e937000 JavaThread "Stdin handler" [_thread_blocked, id=1720, stack(0x0000000027660000,0x0000000027760000)]
  0x000000001e93c800 JavaThread "Asynchronous log dispatcher for DefaultDaemonConnection: socket connection from /127.0.0.1:51629 to /127.0.0.1:51781" [_thread_blocked, id=6212, stack(0x0000000027560000,0x0000000027660000)]
  0x000000001e938800 JavaThread "Daemon worker Thread 4" [_thread_blocked, id=8348, stack(0x0000000027460000,0x0000000027560000)]
  0x000000001e93b800 JavaThread "Cancel handler" [_thread_blocked, id=652, stack(0x0000000027360000,0x0000000027460000)]
  0x000000001e93e000 JavaThread "Handler for socket connection from /127.0.0.1:51629 to /127.0.0.1:51781" [_thread_in_native, id=6624, stack(0x0000000027260000,0x0000000027360000)]
  0x000000001e93b000 JavaThread "Daemon Thread 4" [_thread_blocked, id=9272, stack(0x0000000027160000,0x0000000027260000)]
  0x000000001e942000 JavaThread "pool-2-thread-1" [_thread_blocked, id=2312, stack(0x0000000023690000,0x0000000023790000)]
  0x000000001d034800 JavaThread "Memory manager" [_thread_blocked, id=7504, stack(0x0000000020ac0000,0x0000000020bc0000)]
  0x000000001d033800 JavaThread "pool-1-thread-1" [_thread_blocked, id=4820, stack(0x00000000206c0000,0x00000000207c0000)]
  0x000000001a0ab800 JavaThread "File lock request listener" [_thread_in_native, id=5396, stack(0x000000001dd60000,0x000000001de60000)]
  0x000000001cd52800 JavaThread "Cache worker for file hash cache (C:\Users\Dev\.gradle\caches\4.4\fileHashes)" [_thread_blocked, id=2112, stack(0x000000001dc60000,0x000000001dd60000)]
  0x0000000019eb6000 JavaThread "Daemon periodic checks" [_thread_blocked, id=1812, stack(0x000000001c190000,0x000000001c290000)]
  0x0000000018968000 JavaThread "Incoming local TCP Connector on port 51629" [_thread_in_native, id=7992, stack(0x000000001bf40000,0x000000001c040000)]
  0x0000000018958800 JavaThread "Service Thread" daemon [_thread_blocked, id=4616, stack(0x0000000019c30000,0x0000000019d30000)]
  0x00000000188f7800 JavaThread "C1 CompilerThread1" daemon [_thread_blocked, id=4772, stack(0x0000000019b30000,0x0000000019c30000)]
  0x00000000188f4800 JavaThread "C2 CompilerThread0" daemon [_thread_blocked, id=3652, stack(0x0000000019a30000,0x0000000019b30000)]
  0x00000000188f3000 JavaThread "Attach Listener" daemon [_thread_blocked, id=2372, stack(0x0000000019930000,0x0000000019a30000)]
  0x00000000188ff000 JavaThread "Signal Dispatcher" daemon [_thread_blocked, id=8320, stack(0x0000000019830000,0x0000000019930000)]
  0x00000000188de000 JavaThread "Finalizer" daemon [_thread_blocked, id=4268, stack(0x0000000019530000,0x0000000019630000)]
  0x00000000188b3800 JavaThread "Reference Handler" daemon [_thread_blocked, id=4896, stack(0x0000000019430000,0x0000000019530000)]
  0x000000000380d800 JavaThread "main" [_thread_blocked, id=9948, stack(0x00000000036d0000,0x00000000037d0000)]

Other Threads:
  0x00000000188ad000 VMThread [stack: 0x0000000019330000,0x0000000019430000] [id=6160]
  0x000000001895c000 WatcherThread [stack: 0x0000000019d30000,0x0000000019e30000] [id=6644]

=>0x0000000004fe9000 (exited) GCTaskThread [stack: 0x0000000014ba0000,0x0000000014ca0000] [id=5512]

VM state:at safepoint (normal execution)

VM Mutex/Monitor currently owned by a thread:  ([mutex/lock_event])
[0x000000000380d5f0] Threads_lock - owner thread: 0x00000000188ad000
[0x000000000380d0f0] Heap_lock - owner thread: 0x000000001e938800

Heap:
 PSYoungGen      total 486912K, used 6616K [0x00000000e0000000, 0x0000000100000000, 0x0000000100000000)
  eden space 449024K, 0% used [0x00000000e0000000,0x00000000e0000000,0x00000000fb680000)
  from space 37888K, 17% used [0x00000000fdb00000,0x00000000fe1760f0,0x0000000100000000)
  to   space 37376K, 0% used [0x00000000fb680000,0x00000000fb680000,0x00000000fdb00000)
 ParOldGen       total 100864K, used 83115K [0x00000000a0000000, 0x00000000a6280000, 0x00000000e0000000)
  object space 100864K, 82% used [0x00000000a0000000,0x00000000a512ad18,0x00000000a6280000)
 Metaspace       used 93727K, capacity 98285K, committed 98380K, reserved 1134592K
  class space    used 12325K, capacity 13385K, committed 13440K, reserved 1048576K

Card table byte_map: [0x0000000014590000,0x00000000148a0000] byte_map_base: 0x0000000014090000

Marking Bits: (ParMarkBitMap*) 0x00000000577b4970
 Begin Bits: [0x0000000014ca0000, 0x00000000164a0000)
 End Bits:   [0x00000000164a0000, 0x0000000017ca0000)

Polling page: 0x0000000003310000

CodeCache: size=245760Kb used=33834Kb max_used=33834Kb free=211925Kb
 bounds [0x00000000051d0000, 0x0000000007310000, 0x00000000141d0000]
 total_blobs=10943 nmethods=10143 adapters=713
 compilation: enabled

Compilation events (10 events):
Event: 804.479 Thread 0x00000000188f7800 11917       2       org.gradle.tooling.provider.model.internal.DefaultToolingModelBuilderRegistry::getBuilder (119 bytes)
Event: 804.480 Thread 0x00000000188f7800 nmethod 11917 0x0000000007300fd0 code [0x0000000007301260, 0x0000000007301ea8]
Event: 804.483 Thread 0x00000000188f7800 11918       1       org.gradle.tooling.internal.adapter.ProtocolToModelAdapter$NoOpDecoration::isNoOp (2 bytes)
Event: 804.483 Thread 0x00000000188f7800 nmethod 11918 0x00000000072ae2d0 code [0x00000000072ae420, 0x00000000072ae530]
Event: 804.484 Thread 0x00000000188f7800 11919       1       org.gradle.tooling.internal.adapter.MethodInvocation::found (5 bytes)
Event: 804.484 Thread 0x00000000188f7800 nmethod 11919 0x00000000072d4790 code [0x00000000072d48e0, 0x00000000072d49f0]
Event: 804.487 Thread 0x00000000188f7800 11920       1       org.gradle.tooling.internal.adapter.MethodInvocation::getName (5 bytes)
Event: 804.487 Thread 0x00000000188f7800 nmethod 11920 0x0000000007302950 code [0x0000000007302aa0, 0x0000000007302bb0]
Event: 804.496 Thread 0x00000000188f7800 11921       1       java.util.Spliterators$ArraySpliterator::characteristics (5 bytes)
Event: 804.496 Thread 0x00000000188f7800 nmethod 11921 0x0000000007302c10 code [0x0000000007302d60, 0x0000000007302e70]

GC Heap History (10 events):
Event: 39.126 GC heap after
Heap after GC invocations=13 (full 3):
 PSYoungGen      total 259584K, used 0K [0x00000000e0000000, 0x00000000f1a00000, 0x0000000100000000)
  eden space 242176K, 0% used [0x00000000e0000000,0x00000000e0000000,0x00000000eec80000)
  from space 17408K, 0% used [0x00000000f0200000,0x00000000f0200000,0x00000000f1300000)
  to   space 22016K, 0% used [0x00000000eec80000,0x00000000eec80000,0x00000000f0200000)
 ParOldGen       total 100864K, used 38253K [0x00000000a0000000, 0x00000000a6280000, 0x00000000e0000000)
  object space 100864K, 37% used [0x00000000a0000000,0x00000000a255b5c8,0x00000000a6280000)
 Metaspace       used 57145K, capacity 58939K, committed 59028K, reserved 1099776K
  class space    used 7759K, capacity 8192K, committed 8192K, reserved 1048576K
}
Event: 80.234 GC heap before
{Heap before GC invocations=14 (full 3):
 PSYoungGen      total 259584K, used 242176K [0x00000000e0000000, 0x00000000f1a00000, 0x0000000100000000)
  eden space 242176K, 100% used [0x00000000e0000000,0x00000000eec80000,0x00000000eec80000)
  from space 17408K, 0% used [0x00000000f0200000,0x00000000f0200000,0x00000000f1300000)
  to   space 22016K, 0% used [0x00000000eec80000,0x00000000eec80000,0x00000000f0200000)
 ParOldGen       total 100864K, used 38253K [0x00000000a0000000, 0x00000000a6280000, 0x00000000e0000000)
  object space 100864K, 37% used [0x00000000a0000000,0x00000000a255b5c8,0x00000000a6280000)
 Metaspace       used 64517K, capacity 66871K, committed 67288K, reserved 1107968K
  class space    used 8515K, capacity 9120K, committed 9216K, reserved 1048576K
Event: 80.300 GC heap after
Heap after GC invocations=14 (full 3):
 PSYoungGen      total 264192K, used 18543K [0x00000000e0000000, 0x00000000f8780000, 0x0000000100000000)
  eden space 242176K, 0% used [0x00000000e0000000,0x00000000e0000000,0x00000000eec80000)
  from space 22016K, 84% used [0x00000000eec80000,0x00000000efe9be70,0x00000000f0200000)
  to   space 23552K, 0% used [0x00000000f7080000,0x00000000f7080000,0x00000000f8780000)
 ParOldGen       total 100864K, used 38261K [0x00000000a0000000, 0x00000000a6280000, 0x00000000e0000000)
  object space 100864K, 37% used [0x00000000a0000000,0x00000000a255d5c8,0x00000000a6280000)
 Metaspace       used 64517K, capacity 66871K, committed 67288K, reserved 1107968K
  class space    used 8515K, capacity 9120K, committed 9216K, reserved 1048576K
}
Event: 107.659 GC heap before
{Heap before GC invocations=15 (full 3):
 PSYoungGen      total 264192K, used 260719K [0x00000000e0000000, 0x00000000f8780000, 0x0000000100000000)
  eden space 242176K, 100% used [0x00000000e0000000,0x00000000eec80000,0x00000000eec80000)
  from space 22016K, 84% used [0x00000000eec80000,0x00000000efe9be70,0x00000000f0200000)
  to   space 23552K, 0% used [0x00000000f7080000,0x00000000f7080000,0x00000000f8780000)
 ParOldGen       total 100864K, used 38261K [0x00000000a0000000, 0x00000000a6280000, 0x00000000e0000000)
  object space 100864K, 37% used [0x00000000a0000000,0x00000000a255d5c8,0x00000000a6280000)
 Metaspace       used 77361K, capacity 80549K, committed 80856K, reserved 1120256K
  class space    used 10198K, capacity 10932K, committed 11008K, reserved 1048576K
Event: 107.874 GC heap after
Heap after GC invocations=15 (full 3):
 PSYoungGen      total 366592K, used 23528K [0x00000000e0000000, 0x00000000f9580000, 0x0000000100000000)
  eden space 343040K, 0% used [0x00000000e0000000,0x00000000e0000000,0x00000000f4f00000)
  from space 23552K, 99% used [0x00000000f7080000,0x00000000f877a358,0x00000000f8780000)
  to   space 34304K, 0% used [0x00000000f4f00000,0x00000000f4f00000,0x00000000f7080000)
 ParOldGen       total 100864K, used 58204K [0x00000000a0000000, 0x00000000a6280000, 0x00000000e0000000)
  object space 100864K, 57% used [0x00000000a0000000,0x00000000a38d71e8,0x00000000a6280000)
 Metaspace       used 77361K, capacity 80549K, committed 80856K, reserved 1120256K
  class space    used 10198K, capacity 10932K, committed 11008K, reserved 1048576K
}
Event: 802.989 GC heap before
{Heap before GC invocations=16 (full 3):
 PSYoungGen      total 366592K, used 366568K [0x00000000e0000000, 0x00000000f9580000, 0x0000000100000000)
  eden space 343040K, 100% used [0x00000000e0000000,0x00000000f4f00000,0x00000000f4f00000)
  from space 23552K, 99% used [0x00000000f7080000,0x00000000f877a358,0x00000000f8780000)
  to   space 34304K, 0% used [0x00000000f4f00000,0x00000000f4f00000,0x00000000f7080000)
 ParOldGen       total 100864K, used 58204K [0x00000000a0000000, 0x00000000a6280000, 0x00000000e0000000)
  object space 100864K, 57% used [0x00000000a0000000,0x00000000a38d71e8,0x00000000a6280000)
 Metaspace       used 93320K, capacity 97927K, committed 98136K, reserved 1134592K
  class space    used 12256K, capacity 13319K, committed 13440K, reserved 1048576K
Event: 803.093 GC heap after
Heap after GC invocations=16 (full 3):
 PSYoungGen      total 377344K, used 29120K [0x00000000e0000000, 0x0000000100000000, 0x0000000100000000)
  eden space 343040K, 0% used [0x00000000e0000000,0x00000000e0000000,0x00000000f4f00000)
  from space 34304K, 84% used [0x00000000f4f00000,0x00000000f6b70118,0x00000000f7080000)
  to   space 37888K, 0% used [0x00000000fdb00000,0x00000000fdb00000,0x0000000100000000)
 ParOldGen       total 100864K, used 68222K [0x00000000a0000000, 0x00000000a6280000, 0x00000000e0000000)
  object space 100864K, 67% used [0x00000000a0000000,0x00000000a429f888,0x00000000a6280000)
 Metaspace       used 93320K, capacity 97927K, committed 98136K, reserved 1134592K
  class space    used 12256K, capacity 13319K, committed 13440K, reserved 1048576K
}
Event: 804.544 GC heap before
{Heap before GC invocations=17 (full 3):
 PSYoungGen      total 377344K, used 88888K [0x00000000e0000000, 0x0000000100000000, 0x0000000100000000)
  eden space 343040K, 17% used [0x00000000e0000000,0x00000000e3a5e0b0,0x00000000f4f00000)
  from space 34304K, 84% used [0x00000000f4f00000,0x00000000f6b70118,0x00000000f7080000)
  to   space 37888K, 0% used [0x00000000fdb00000,0x00000000fdb00000,0x0000000100000000)
 ParOldGen       total 100864K, used 68222K [0x00000000a0000000, 0x00000000a6280000, 0x00000000e0000000)
  object space 100864K, 67% used [0x00000000a0000000,0x00000000a429f888,0x00000000a6280000)
 Metaspace       used 93727K, capacity 98285K, committed 98380K, reserved 1134592K
  class space    used 12325K, capacity 13385K, committed 13440K, reserved 1048576K
Event: 804.611 GC heap after
Heap after GC invocations=17 (full 3):
 PSYoungGen      total 486912K, used 6616K [0x00000000e0000000, 0x0000000100000000, 0x0000000100000000)
  eden space 449024K, 0% used [0x00000000e0000000,0x00000000e0000000,0x00000000fb680000)
  from space 37888K, 17% used [0x00000000fdb00000,0x00000000fe1760f0,0x0000000100000000)
  to   space 37376K, 0% used [0x00000000fb680000,0x00000000fb680000,0x00000000fdb00000)
 ParOldGen       total 100864K, used 83115K [0x00000000a0000000, 0x00000000a6280000, 0x00000000e0000000)
  object space 100864K, 82% used [0x00000000a0000000,0x00000000a512ad18,0x00000000a6280000)
 Metaspace       used 93727K, capacity 98285K, committed 98380K, reserved 1134592K
  class space    used 12325K, capacity 13385K, committed 13440K, reserved 1048576K
}
Event: 804.611 GC heap before
{Heap before GC invocations=18 (full 4):
 PSYoungGen      total 486912K, used 6616K [0x00000000e0000000, 0x0000000100000000, 0x0000000100000000)
  eden space 449024K, 0% used [0x00000000e0000000,0x00000000e0000000,0x00000000fb680000)
  from space 37888K, 17% used [0x00000000fdb00000,0x00000000fe1760f0,0x0000000100000000)
  to   space 37376K, 0% used [0x00000000fb680000,0x00000000fb680000,0x00000000fdb00000)
 ParOldGen       total 100864K, used 83115K [0x00000000a0000000, 0x00000000a6280000, 0x00000000e0000000)
  object space 100864K, 82% used [0x00000000a0000000,0x00000000a512ad18,0x00000000a6280000)
 Metaspace       used 93727K, capacity 98285K, committed 98380K, reserved 1134592K
  class space    used 12325K, capacity 13385K, committed 13440K, reserved 1048576K

Deoptimization events (10 events):
Event: 434.542 Thread 0x000000001e93c800 Uncommon trap: reason=class_check action=maybe_recompile pc=0x000000000603ede0 method=com.sun.org.apache.xerces.internal.dom.NodeImpl.getOwnerDocument()Lorg/w3c/dom/Document; @ 19
Event: 434.542 Thread 0x000000001e93c800 Uncommon trap: reason=class_check action=maybe_recompile pc=0x000000000603ede0 method=com.sun.org.apache.xerces.internal.dom.NodeImpl.getOwnerDocument()Lorg/w3c/dom/Document; @ 19
Event: 434.871 Thread 0x000000001e93c800 Uncommon trap: reason=class_check action=maybe_recompile pc=0x000000000603ede0 method=com.sun.org.apache.xerces.internal.dom.NodeImpl.getOwnerDocument()Lorg/w3c/dom/Document; @ 19
Event: 434.937 Thread 0x000000001e93c800 Uncommon trap: reason=unstable_if action=reinterpret pc=0x0000000005a35ab0 method=com.sun.org.apache.xerces.internal.dom.NodeImpl.isNormalized(Z)V @ 1
Event: 436.911 Thread 0x000000001e93c800 Uncommon trap: reason=unstable_if action=reinterpret pc=0x0000000005af6c18 method=java.util.regex.Pattern.has(I)Z @ 6
Event: 436.912 Thread 0x000000001e93c800 Uncommon trap: reason=unstable_if action=reinterpret pc=0x0000000006f4e9c4 method=java.io.ObjectOutputStream$BlockDataOutputStream.writeBytes(Ljava/lang/String;)V @ 22
Event: 436.923 Thread 0x000000001e93c800 Uncommon trap: reason=unstable_if action=reinterpret pc=0x0000000005d6a04c method=java.io.ObjectOutputStream$BlockDataOutputStream.writeBytes(Ljava/lang/String;)V @ 22
Event: 799.481 Thread 0x000000001e938800 Uncommon trap: reason=null_check action=make_not_entrant pc=0x00000000068db734 method=org.gradle.api.internal.AbstractClassGenerator.generateUnderLock(Ljava/lang/Class;)Ljava/lang/Class; @ 869
Event: 800.936 Thread 0x000000001e938800 Uncommon trap: reason=unstable_if action=reinterpret pc=0x0000000006db490c method=com.sun.org.apache.xerces.internal.impl.XMLDocumentFragmentScannerImpl$FragmentContentDriver.next()I @ 76
Event: 803.093 Thread 0x00000000188b3800 Uncommon trap: reason=unstable_if action=reinterpret pc=0x0000000006b21a7c method=java.lang.ref.Reference.tryHandlePending(Z)Z @ 20

Classes redefined (0 events):
No events

Internal exceptions (10 events):
Event: 804.276 Thread 0x000000001e938800 Exception <a 'java/lang/ClassNotFoundException': com/android/build/gradle/internal/tasks/ValidateSigningTask_DecoratedBeanInfo> (0x00000000e343e340) thrown at [D:\src\AOSP-openjdk-cygwin\jdk8u\hotspot\src\share\vm\classfile\systemDictionary.cpp, line 210]
Event: 804.276 Thread 0x000000001e938800 Exception <a 'java/lang/ClassNotFoundException': com/android/build/gradle/internal/tasks/ValidateSigningTaskBeanInfo> (0x00000000e3454dc8) thrown at [D:\src\AOSP-openjdk-cygwin\jdk8u\hotspot\src\share\vm\classfile\systemDictionary.cpp, line 210]
Event: 804.277 Thread 0x000000001e938800 Exception <a 'java/lang/ClassNotFoundException': com/android/build/gradle/internal/tasks/ValidateSigningTaskCustomizer> (0x00000000e346bec8) thrown at [D:\src\AOSP-openjdk-cygwin\jdk8u\hotspot\src\share\vm\classfile\systemDictionary.cpp, line 210]
Event: 804.278 Thread 0x000000001e938800 Exception <a 'java/lang/ClassNotFoundException': com/android/build/gradle/internal/tasks/ValidateSigningTask_DecoratedCustomizer> (0x00000000e3499f08) thrown at [D:\src\AOSP-openjdk-cygwin\jdk8u\hotspot\src\share\vm\classfile\systemDictionary.cpp, line 21
Event: 804.287 Thread 0x000000001e938800 Exception <a 'java/lang/ClassNotFoundException': com/android/build/gradle/internal/tasks/ApplicationIdWriterTask_DecoratedBeanInfo> (0x00000000e350b508) thrown at [D:\src\AOSP-openjdk-cygwin\jdk8u\hotspot\src\share\vm\classfile\systemDictionary.cpp, line 
Event: 804.288 Thread 0x000000001e938800 Exception <a 'java/lang/ClassNotFoundException': com/android/build/gradle/internal/tasks/ApplicationIdWriterTaskBeanInfo> (0x00000000e3522910) thrown at [D:\src\AOSP-openjdk-cygwin\jdk8u\hotspot\src\share\vm\classfile\systemDictionary.cpp, line 210]
Event: 804.289 Thread 0x000000001e938800 Exception <a 'java/lang/ClassNotFoundException': com/android/build/gradle/internal/tasks/ApplicationIdWriterTaskCustomizer> (0x00000000e353a390) thrown at [D:\src\AOSP-openjdk-cygwin\jdk8u\hotspot\src\share\vm\classfile\systemDictionary.cpp, line 210]
Event: 804.325 Thread 0x000000001e938800 Exception <a 'java/lang/ClassNotFoundException': com/android/build/gradle/internal/tasks/ApplicationIdWriterTask_DecoratedCustomizer> (0x00000000e3568238) thrown at [D:\src\AOSP-openjdk-cygwin\jdk8u\hotspot\src\share\vm\classfile\systemDictionary.cpp, lin
Event: 804.460 Thread 0x000000001e938800 Exception <a 'java/lang/ClassNotFoundException': org/jetbrains/plugins/gradle/model/DefaultExternalPluginBeanInfo> (0x00000000e3696388) thrown at [D:\src\AOSP-openjdk-cygwin\jdk8u\hotspot\src\share\vm\classfile\systemDictionary.cpp, line 210]
Event: 804.460 Thread 0x000000001e938800 Exception <a 'java/lang/ClassNotFoundException': org/jetbrains/plugins/gradle/model/DefaultExternalPluginCustomizer> (0x00000000e36a4db0) thrown at [D:\src\AOSP-openjdk-cygwin\jdk8u\hotspot\src\share\vm\classfile\systemDictionary.cpp, line 210]

Events (10 events):
Event: 804.469 loading class org/jetbrains/plugins/gradle/model/ExternalSourceDirectorySet done
Event: 804.470 loading class org/jetbrains/plugins/gradle/model/ExternalFilter
Event: 804.470 loading class org/jetbrains/plugins/gradle/model/ExternalFilter done
Event: 804.470 loading class org/jetbrains/plugins/gradle/ExternalDependencyId
Event: 804.470 loading class org/jetbrains/plugins/gradle/ExternalDependencyId done
Event: 804.533 loading class com/android/builder/model/SourceProviderContainer
Event: 804.533 loading class com/android/builder/model/SourceProviderContainer done
Event: 804.533 loading class com/android/builder/model/SourceProviderContainer
Event: 804.533 loading class com/android/builder/model/SourceProviderContainer done
Event: 804.544 Executing VM operation: CollectForMetadataAllocation


Dynamic libraries:
0x00007ff7d7e90000 - 0x00007ff7d7ec1000 	C:\Program Files\Android\Android Studio\jre\bin\java.exe
0x00007ffaad8d0000 - 0x00007ffaadab0000 	C:\WINDOWS\SYSTEM32\ntdll.dll
0x00007ffaaba50000 - 0x00007ffaabafe000 	C:\WINDOWS\System32\KERNEL32.DLL
0x00007ffaaab30000 - 0x00007ffaaad96000 	C:\WINDOWS\System32\KERNELBASE.dll
0x00007ffaab260000 - 0x00007ffaab301000 	C:\WINDOWS\System32\ADVAPI32.dll
0x00007ffaab040000 - 0x00007ffaab0dd000 	C:\WINDOWS\System32\msvcrt.dll
0x00007ffaab8d0000 - 0x00007ffaab92b000 	C:\WINDOWS\System32\sechost.dll
0x00007ffaab930000 - 0x00007ffaaba4f000 	C:\WINDOWS\System32\RPCRT4.dll
0x00007ffaab4c0000 - 0x00007ffaab64f000 	C:\WINDOWS\System32\USER32.dll
0x00007ffaaa8e0000 - 0x00007ffaaa900000 	C:\WINDOWS\System32\win32u.dll
0x00007ffaab8a0000 - 0x00007ffaab8c8000 	C:\WINDOWS\System32\GDI32.dll
0x00007ffaaa740000 - 0x00007ffaaa8d3000 	C:\WINDOWS\System32\gdi32full.dll
0x00007ffaa9cd0000 - 0x00007ffaa9d6b000 	C:\WINDOWS\System32\msvcp_win.dll
0x00007ffaa9d70000 - 0x00007ffaa9e66000 	C:\WINDOWS\System32\ucrtbase.dll
0x00007ffaa23c0000 - 0x00007ffaa2629000 	C:\WINDOWS\WinSxS\amd64_microsoft.windows.common-controls_6595b64144ccf1df_6.0.16299.371_none_15c7d1789365a290\COMCTL32.dll
0x00007ffaabb00000 - 0x00007ffaabe08000 	C:\WINDOWS\System32\combase.dll
0x00007ffaa9e70000 - 0x00007ffaa9ee2000 	C:\WINDOWS\System32\bcryptPrimitives.dll
0x00007ffaaafb0000 - 0x00007ffaaafdd000 	C:\WINDOWS\System32\IMM32.DLL
0x0000000056ef0000 - 0x0000000056fc2000 	C:\Program Files\Android\Android Studio\jre\jre\bin\msvcr100.dll
0x0000000056ff0000 - 0x000000005782f000 	C:\Program Files\Android\Android Studio\jre\jre\bin\server\jvm.dll
0x00007ffaad250000 - 0x00007ffaad258000 	C:\WINDOWS\System32\PSAPI.DLL
0x00007ffaa35b0000 - 0x00007ffaa35b9000 	C:\WINDOWS\SYSTEM32\WSOCK32.dll
0x00007ffaa6bb0000 - 0x00007ffaa6bd3000 	C:\WINDOWS\SYSTEM32\WINMM.dll
0x00007ffaab7f0000 - 0x00007ffaab85c000 	C:\WINDOWS\System32\WS2_32.dll
0x00007ffaa6760000 - 0x00007ffaa676a000 	C:\WINDOWS\SYSTEM32\VERSION.dll
0x00007ffaa6b50000 - 0x00007ffaa6b7a000 	C:\WINDOWS\SYSTEM32\WINMMBASE.dll
0x00007ffaaa6f0000 - 0x00007ffaaa73a000 	C:\WINDOWS\System32\cfgmgr32.dll
0x00007ffaa3580000 - 0x00007ffaa358f000 	C:\Program Files\Android\Android Studio\jre\jre\bin\verify.dll
0x00007ffaa3350000 - 0x00007ffaa3379000 	C:\Program Files\Android\Android Studio\jre\jre\bin\java.dll
0x00007ffaa3530000 - 0x00007ffaa3546000 	C:\Program Files\Android\Android Studio\jre\jre\bin\zip.dll
0x00007ffaabe10000 - 0x00007ffaad246000 	C:\WINDOWS\System32\SHELL32.dll
0x00007ffaab0e0000 - 0x00007ffaab186000 	C:\WINDOWS\System32\shcore.dll
0x00007ffaa9fa0000 - 0x00007ffaaa6e7000 	C:\WINDOWS\System32\windows.storage.dll
0x00007ffaaafe0000 - 0x00007ffaab031000 	C:\WINDOWS\System32\shlwapi.dll
0x00007ffaa9cb0000 - 0x00007ffaa9cc1000 	C:\WINDOWS\System32\kernel.appcore.dll
0x00007ffaa9c40000 - 0x00007ffaa9c8c000 	C:\WINDOWS\System32\powrprof.dll
0x00007ffaa9c90000 - 0x00007ffaa9cab000 	C:\WINDOWS\System32\profapi.dll
0x00007ffaa3330000 - 0x00007ffaa334a000 	C:\Program Files\Android\Android Studio\jre\jre\bin\net.dll
0x00007ffaa9450000 - 0x00007ffaa94b6000 	C:\WINDOWS\system32\mswsock.dll
0x00007ffaa2e90000 - 0x00007ffaa2ea1000 	C:\Program Files\Android\Android Studio\jre\jre\bin\nio.dll
0x00007ffaa1da0000 - 0x00007ffaa1dbe000 	C:\Users\Dev\.gradle\native\25\windows-amd64\native-platform.dll
0x00007ffaa3570000 - 0x00007ffaa357d000 	C:\Program Files\Android\Android Studio\jre\jre\bin\management.dll
0x00007ffaa9610000 - 0x00007ffaa9627000 	C:\WINDOWS\SYSTEM32\CRYPTSP.dll
0x00007ffaa9050000 - 0x00007ffaa9083000 	C:\WINDOWS\system32\rsaenh.dll
0x00007ffaa9720000 - 0x00007ffaa9745000 	C:\WINDOWS\SYSTEM32\bcrypt.dll
0x00007ffaa9b50000 - 0x00007ffaa9b79000 	C:\WINDOWS\SYSTEM32\USERENV.dll
0x00007ffaa9630000 - 0x00007ffaa963b000 	C:\WINDOWS\SYSTEM32\CRYPTBASE.dll
0x00007ffaa91e0000 - 0x00007ffaa9219000 	C:\WINDOWS\SYSTEM32\IPHLPAPI.DLL
0x00007ffaab890000 - 0x00007ffaab898000 	C:\WINDOWS\System32\NSI.dll
0x00007ffaa3610000 - 0x00007ffaa3626000 	C:\WINDOWS\SYSTEM32\dhcpcsvc6.DLL
0x00007ffaa0030000 - 0x00007ffaa004a000 	C:\WINDOWS\SYSTEM32\dhcpcsvc.DLL
0x00007ffaa67a0000 - 0x00007ffaa6968000 	C:\WINDOWS\SYSTEM32\dbghelp.dll

VM Arguments:
jvm_args: -Xmx1536m -Dfile.encoding=windows-1252 -Duser.country=BR -Duser.language=pt -Duser.variant 
java_command: org.gradle.launcher.daemon.bootstrap.GradleDaemon 4.4
java_class_path (initial): C:\Users\Dev\.gradle\wrapper\dists\gradle-4.4-all\9br9xq1tocpiv8o6njlyu5op1\gradle-4.4\lib\gradle-launcher-4.4.jar
Launcher Type: SUN_STANDARD

Environment Variables:
PATH=C:\ProgramData\Oracle\Java\javapath;C:\Program Files (x86)\NVIDIA Corporation\PhysX\Common;C:\WINDOWS\system32;C:\WINDOWS;C:\WINDOWS\System32\Wbem;C:\WINDOWS\System32\WindowsPowerShell\v1.0\;C:\Program Files (x86)\PuTTY\;C:\Program Files\dotnet\;C:\Program Files\Microsoft SQL Server\130\Tools\Binn\;C:\Program Files (x86)\Microsoft SQL Server\130\DTS\Binn\;C:\Program Files\Microsoft SQL Server\130\DTS\Binn\;C:\Program Files\Microsoft SQL Server\Client SDK\ODBC\130\Tools\Binn\;C:\Program Files (x86)\Microsoft SQL Server\130\Tools\Binn\;C:\Program Files (x86)\Microsoft SQL Server\Client SDK\ODBC\130\Tools\Binn\;C:\Program Files (x86)\Microsoft SQL Server\140\Tools\Binn\;C:\Program Files (x86)\Microsoft SQL Server\140\DTS\Binn\;C:\Program Files (x86)\Microsoft SQL Server\140\Tools\Binn\ManagementStudio\;C:\Users\Dev\AppData\Local\Microsoft\WindowsApps;
USERNAME=Dev
OS=Windows_NT
PROCESSOR_IDENTIFIER=Intel64 Family 6 Model 15 Stepping 13, GenuineIntel



---------------  S Y S T E M  ---------------

OS: Windows 10.0 , 64 bit Build 16299 (10.0.16299.15)

CPU:total 2 (initial active 2) (2 cores per cpu, 1 threads per core) family 6 model 15 stepping 13, cmov, cx8, fxsr, mmx, sse, sse2, sse3, ssse3, tsc

Memory: 4k page, physical 8386736k(3575172k free), swap 10352816k(4629588k free)

vm_info: OpenJDK 64-Bit Server VM (25.152-b02) for windows-amd64 JRE (1.8.0_152-release-1024-b02), built by "builder" with MS VC++ 10.0 (VS2010)

time: Thu Apr 12 11:36:05 2018
elapsed time: 804 seconds (0d 0h 13m 24s)

